<?xml version="1.0" encoding="UTF-8"?>
<coverage generated="1774440867955" clover="3.2.0">
  <project timestamp="1774440867955" name="All files">
    <metrics statements="113" coveredstatements="79" conditionals="121" coveredconditionals="76" methods="44" coveredmethods="25" elements="278" coveredelements="180" complexity="0" loc="113" ncloc="113" packages="3" files="3" classes="3"/>
    <package name="src">
      <metrics statements="69" coveredstatements="60" conditionals="93" coveredconditionals="66" methods="24" coveredmethods="21"/>
      <file name="call-handler.ts" path="C:\Users\Ruro\Documents\backend_projects\hopper-tech-test\src\call-handler.ts">
        <metrics statements="69" coveredstatements="60" conditionals="93" coveredconditionals="66" methods="24" coveredmethods="21"/>
        <line num="2" count="1" type="cond" truecount="3" falsecount="0"/>
        <line num="3" count="33" type="cond" truecount="1" falsecount="1"/>
        <line num="4" count="26" type="cond" truecount="2" falsecount="0"/>
        <line num="5" count="33" type="stmt"/>
        <line num="6" count="0" type="stmt"/>
        <line num="7" count="59" type="cond" truecount="2" falsecount="0"/>
        <line num="8" count="26" type="cond" truecount="2" falsecount="0"/>
        <line num="11" count="1" type="cond" truecount="3" falsecount="0"/>
        <line num="12" count="1" type="cond" truecount="3" falsecount="1"/>
        <line num="14" count="1" type="stmt"/>
        <line num="15" count="1" type="stmt"/>
        <line num="16" count="1" type="stmt"/>
        <line num="17" count="1" type="stmt"/>
        <line num="18" count="1" type="stmt"/>
        <line num="19" count="1" type="stmt"/>
        <line num="22" count="5" type="stmt"/>
        <line num="28" count="5" type="stmt"/>
        <line num="29" count="5" type="cond" truecount="4" falsecount="1"/>
        <line num="30" count="0" type="stmt"/>
        <line num="32" count="5" type="stmt"/>
        <line num="33" count="5" type="cond" truecount="2" falsecount="0"/>
        <line num="34" count="1" type="stmt"/>
        <line num="36" count="2" type="stmt"/>
        <line num="39" count="4" type="cond" truecount="3" falsecount="1"/>
        <line num="41" count="0" type="stmt"/>
        <line num="44" count="4" type="stmt"/>
        <line num="45" count="4" type="cond" truecount="1" falsecount="1"/>
        <line num="46" count="0" type="stmt"/>
        <line num="49" count="4" type="stmt"/>
        <line num="50" count="4" type="stmt"/>
        <line num="51" count="4" type="stmt"/>
        <line num="57" count="0" type="stmt"/>
        <line num="70" count="4" type="stmt"/>
        <line num="71" count="4" type="stmt"/>
        <line num="72" count="4" type="stmt"/>
        <line num="73" count="4" type="cond" truecount="1" falsecount="1"/>
        <line num="74" count="4" type="stmt"/>
        <line num="75" count="4" type="stmt"/>
        <line num="79" count="0" type="stmt"/>
        <line num="89" count="4" type="stmt"/>
        <line num="98" count="4" type="stmt"/>
        <line num="99" count="4" type="cond" truecount="1" falsecount="1"/>
        <line num="100" count="0" type="stmt"/>
        <line num="101" count="4" type="stmt"/>
        <line num="104" count="28" type="stmt"/>
        <line num="108" count="4" type="stmt"/>
        <line num="109" count="4" type="stmt"/>
        <line num="110" count="4" type="stmt"/>
        <line num="111" count="13" type="stmt"/>
        <line num="112" count="13" type="cond" truecount="1" falsecount="1"/>
        <line num="113" count="13" type="stmt"/>
        <line num="116" count="0" type="stmt"/>
        <line num="122" count="4" type="stmt"/>
        <line num="129" count="4" type="stmt"/>
        <line num="131" count="13" type="stmt"/>
        <line num="133" count="13" type="stmt"/>
        <line num="135" count="13" type="stmt"/>
        <line num="136" count="1" type="stmt"/>
        <line num="137" count="0" type="stmt"/>
        <line num="139" count="13" type="stmt"/>
        <line num="141" count="13" type="cond" truecount="2" falsecount="0"/>
        <line num="142" count="13" type="cond" truecount="2" falsecount="0"/>
        <line num="143" count="13" type="cond" truecount="4" falsecount="0"/>
        <line num="144" count="1" type="cond" truecount="2" falsecount="2"/>
        <line num="146" count="13" type="cond" truecount="7" falsecount="1"/>
        <line num="149" count="13" type="cond" truecount="18" falsecount="6"/>
        <line num="152" count="4" type="stmt"/>
        <line num="153" count="13" type="cond" truecount="1" falsecount="1"/>
        <line num="157" count="1" type="stmt"/>
      </file>
    </package>
    <package name="src.db">
      <metrics statements="32" coveredstatements="8" conditionals="26" coveredconditionals="9" methods="18" coveredmethods="2"/>
      <file name="dbManager.ts" path="C:\Users\Ruro\Documents\backend_projects\hopper-tech-test\src\db\dbManager.ts">
        <metrics statements="32" coveredstatements="8" conditionals="26" coveredconditionals="9" methods="18" coveredmethods="2"/>
        <line num="2" count="1" type="cond" truecount="3" falsecount="0"/>
        <line num="3" count="0" type="cond" truecount="0" falsecount="2"/>
        <line num="4" count="0" type="cond" truecount="0" falsecount="2"/>
        <line num="5" count="0" type="stmt"/>
        <line num="6" count="0" type="stmt"/>
        <line num="7" count="0" type="cond" truecount="0" falsecount="2"/>
        <line num="8" count="0" type="cond" truecount="0" falsecount="2"/>
        <line num="11" count="1" type="cond" truecount="3" falsecount="0"/>
        <line num="12" count="1" type="cond" truecount="3" falsecount="1"/>
        <line num="14" count="1" type="stmt"/>
        <line num="15" count="1" type="stmt"/>
        <line num="16" count="1" type="stmt"/>
        <line num="19" count="5" type="stmt"/>
        <line num="22" count="0" type="stmt"/>
        <line num="24" count="0" type="cond" truecount="0" falsecount="2"/>
        <line num="25" count="0" type="stmt"/>
        <line num="26" count="0" type="stmt"/>
        <line num="28" count="0" type="stmt"/>
        <line num="32" count="0" type="stmt"/>
        <line num="33" count="0" type="cond" truecount="0" falsecount="2"/>
        <line num="34" count="0" type="stmt"/>
        <line num="36" count="0" type="cond" truecount="0" falsecount="2"/>
        <line num="37" count="0" type="stmt"/>
        <line num="39" count="0" type="stmt"/>
        <line num="40" count="0" type="stmt"/>
        <line num="41" count="0" type="stmt"/>
        <line num="45" count="0" type="stmt"/>
        <line num="46" count="0" type="cond" truecount="0" falsecount="2"/>
        <line num="47" count="0" type="stmt"/>
        <line num="48" count="0" type="stmt"/>
        <line num="49" count="0" type="stmt"/>
        <line num="54" count="1" type="stmt"/>
      </file>
    </package>
    <package name="src.utils">
      <metrics statements="12" coveredstatements="11" conditionals="2" coveredconditionals="1" methods="2" coveredmethods="2"/>
      <file name="validation.ts" path="C:\Users\Ruro\Documents\backend_projects\hopper-tech-test\src\utils\validation.ts">
        <metrics statements="12" coveredstatements="11" conditionals="2" coveredconditionals="1" methods="2" coveredmethods="2"/>
        <line num="2" count="1" type="stmt"/>
        <line num="3" count="1" type="stmt"/>
        <line num="4" count="1" type="stmt"/>
        <line num="5" count="1" type="stmt"/>
        <line num="6" count="1" type="stmt"/>
        <line num="20" count="15" type="stmt"/>
        <line num="21" count="15" type="stmt"/>
        <line num="22" count="14" type="stmt"/>
        <line num="25" count="1" type="cond" truecount="1" falsecount="1"/>
        <line num="26" count="6" type="stmt"/>
        <line num="27" count="1" type="stmt"/>
        <line num="29" count="0" type="stmt"/>
      </file>
    </package>
  </project>
</coverage>
