{"C:\\Users\\Ruro\\Documents\\backend_projects\\hopper-tech-test\\src\\call-handler.ts": {"path":"C:\\Users\\Ruro\\Documents\\backend_projects\\hopper-tech-test\\src\\call-handler.ts","statementMap":{"0":{"start":{"line":2,"column":16},"end":{"line":10,"column":1}},"1":{"start":{"line":3,"column":28},"end":{"line":3,"column":110}},"2":{"start":{"line":3,"column":91},"end":{"line":3,"column":106}},"3":{"start":{"line":4,"column":4},"end":{"line":9,"column":7}},"4":{"start":{"line":5,"column":36},"end":{"line":5,"column":97}},"5":{"start":{"line":5,"column":42},"end":{"line":5,"column":70}},"6":{"start":{"line":5,"column":85},"end":{"line":5,"column":95}},"7":{"start":{"line":6,"column":35},"end":{"line":6,"column":100}},"8":{"start":{"line":6,"column":41},"end":{"line":6,"column":73}},"9":{"start":{"line":6,"column":88},"end":{"line":6,"column":98}},"10":{"start":{"line":7,"column":32},"end":{"line":7,"column":116}},"11":{"start":{"line":8,"column":8},"end":{"line":8,"column":78}},"12":{"start":{"line":11,"column":22},"end":{"line":13,"column":1}},"13":{"start":{"line":12,"column":4},"end":{"line":12,"column":62}},"14":{"start":{"line":14,"column":0},"end":{"line":14,"column":62}},"15":{"start":{"line":15,"column":0},"end":{"line":15,"column":29}},"16":{"start":{"line":16,"column":20},"end":{"line":16,"column":57}},"17":{"start":{"line":17,"column":21},"end":{"line":17,"column":50}},"18":{"start":{"line":18,"column":26},"end":{"line":18,"column":54}},"19":{"start":{"line":19,"column":20},"end":{"line":19,"column":45}},"20":{"start":{"line":22,"column":8},"end":{"line":22,"column":59}},"21":{"start":{"line":28,"column":8},"end":{"line":62,"column":11}},"22":{"start":{"line":29,"column":12},"end":{"line":31,"column":13}},"23":{"start":{"line":30,"column":16},"end":{"line":30,"column":74}},"24":{"start":{"line":32,"column":37},"end":{"line":32,"column":89}},"25":{"start":{"line":33,"column":12},"end":{"line":38,"column":13}},"26":{"start":{"line":34,"column":16},"end":{"line":37,"column":18}},"27":{"start":{"line":36,"column":68},"end":{"line":36,"column":77}},"28":{"start":{"line":39,"column":12},"end":{"line":42,"column":13}},"29":{"start":{"line":41,"column":16},"end":{"line":41,"column":69}},"30":{"start":{"line":44,"column":53},"end":{"line":44,"column":80}},"31":{"start":{"line":45,"column":12},"end":{"line":47,"column":13}},"32":{"start":{"line":46,"column":16},"end":{"line":46,"column":77}},"33":{"start":{"line":49,"column":12},"end":{"line":61,"column":13}},"34":{"start":{"line":50,"column":16},"end":{"line":50,"column":58}},"35":{"start":{"line":51,"column":16},"end":{"line":54,"column":18}},"36":{"start":{"line":57,"column":16},"end":{"line":60,"column":18}},"37":{"start":{"line":70,"column":8},"end":{"line":81,"column":11}},"38":{"start":{"line":71,"column":12},"end":{"line":80,"column":13}},"39":{"start":{"line":72,"column":40},"end":{"line":72,"column":74}},"40":{"start":{"line":73,"column":16},"end":{"line":76,"column":17}},"41":{"start":{"line":74,"column":20},"end":{"line":74,"column":51}},"42":{"start":{"line":75,"column":20},"end":{"line":75,"column":94}},"43":{"start":{"line":79,"column":16},"end":{"line":79,"column":67}},"44":{"start":{"line":89,"column":32},"end":{"line":97,"column":9}},"45":{"start":{"line":98,"column":30},"end":{"line":98,"column":49}},"46":{"start":{"line":99,"column":8},"end":{"line":100,"column":25}},"47":{"start":{"line":100,"column":12},"end":{"line":100,"column":25}},"48":{"start":{"line":101,"column":8},"end":{"line":104,"column":60}},"49":{"start":{"line":104,"column":29},"end":{"line":104,"column":58}},"50":{"start":{"line":108,"column":29},"end":{"line":108,"column":31}},"51":{"start":{"line":109,"column":31},"end":{"line":109,"column":33}},"52":{"start":{"line":110,"column":8},"end":{"line":121,"column":9}},"53":{"start":{"line":111,"column":27},"end":{"line":111,"column":71}},"54":{"start":{"line":112,"column":12},"end":{"line":120,"column":13}},"55":{"start":{"line":113,"column":16},"end":{"line":113,"column":42}},"56":{"start":{"line":116,"column":16},"end":{"line":119,"column":19}},"57":{"start":{"line":122,"column":8},"end":{"line":122,"column":48}},"58":{"start":{"line":129,"column":8},"end":{"line":154,"column":11}},"59":{"start":{"line":131,"column":26},"end":{"line":151,"column":15}},"60":{"start":{"line":131,"column":50},"end":{"line":151,"column":14}},"61":{"start":{"line":133,"column":29},"end":{"line":133,"column":62}},"62":{"start":{"line":135,"column":43},"end":{"line":138,"column":18}},"63":{"start":{"line":136,"column":95},"end":{"line":136,"column":99}},"64":{"start":{"line":137,"column":93},"end":{"line":137,"column":97}},"65":{"start":{"line":139,"column":33},"end":{"line":140,"column":79}},"66":{"start":{"line":141,"column":43},"end":{"line":141,"column":101}},"67":{"start":{"line":142,"column":41},"end":{"line":142,"column":95}},"68":{"start":{"line":143,"column":16},"end":{"line":145,"column":17}},"69":{"start":{"line":144,"column":20},"end":{"line":144,"column":191}},"70":{"start":{"line":146,"column":38},"end":{"line":148,"column":26}},"71":{"start":{"line":149,"column":16},"end":{"line":150,"column":37}},"72":{"start":{"line":152,"column":28},"end":{"line":152,"column":59}},"73":{"start":{"line":153,"column":12},"end":{"line":153,"column":87}},"74":{"start":{"line":153,"column":43},"end":{"line":153,"column":84}},"75":{"start":{"line":157,"column":0},"end":{"line":157,"column":34}}},"fnMap":{"0":{"name":"(anonymous_0)","decl":{"start":{"line":2,"column":44},"end":{"line":2,"column":45}},"loc":{"start":{"line":2,"column":89},"end":{"line":10,"column":1}},"line":2},"1":{"name":"adopt","decl":{"start":{"line":3,"column":13},"end":{"line":3,"column":18}},"loc":{"start":{"line":3,"column":26},"end":{"line":3,"column":112}},"line":3},"2":{"name":"(anonymous_2)","decl":{"start":{"line":3,"column":70},"end":{"line":3,"column":71}},"loc":{"start":{"line":3,"column":89},"end":{"line":3,"column":108}},"line":3},"3":{"name":"(anonymous_3)","decl":{"start":{"line":4,"column":36},"end":{"line":4,"column":37}},"loc":{"start":{"line":4,"column":63},"end":{"line":9,"column":5}},"line":4},"4":{"name":"fulfilled","decl":{"start":{"line":5,"column":17},"end":{"line":5,"column":26}},"loc":{"start":{"line":5,"column":34},"end":{"line":5,"column":99}},"line":5},"5":{"name":"rejected","decl":{"start":{"line":6,"column":17},"end":{"line":6,"column":25}},"loc":{"start":{"line":6,"column":33},"end":{"line":6,"column":102}},"line":6},"6":{"name":"step","decl":{"start":{"line":7,"column":17},"end":{"line":7,"column":21}},"loc":{"start":{"line":7,"column":30},"end":{"line":7,"column":118}},"line":7},"7":{"name":"(anonymous_7)","decl":{"start":{"line":11,"column":56},"end":{"line":11,"column":57}},"loc":{"start":{"line":11,"column":71},"end":{"line":13,"column":1}},"line":11},"8":{"name":"(anonymous_8)","decl":{"start":{"line":21,"column":4},"end":{"line":21,"column":5}},"loc":{"start":{"line":21,"column":18},"end":{"line":23,"column":5}},"line":21},"9":{"name":"(anonymous_9)","decl":{"start":{"line":27,"column":4},"end":{"line":27,"column":5}},"loc":{"start":{"line":27,"column":25},"end":{"line":63,"column":5}},"line":27},"10":{"name":"(anonymous_10)","decl":{"start":{"line":28,"column":47},"end":{"line":28,"column":48}},"loc":{"start":{"line":28,"column":60},"end":{"line":62,"column":9}},"line":28},"11":{"name":"(anonymous_11)","decl":{"start":{"line":36,"column":61},"end":{"line":36,"column":62}},"loc":{"start":{"line":36,"column":68},"end":{"line":36,"column":77}},"line":36},"12":{"name":"(anonymous_12)","decl":{"start":{"line":69,"column":4},"end":{"line":69,"column":5}},"loc":{"start":{"line":69,"column":27},"end":{"line":82,"column":5}},"line":69},"13":{"name":"(anonymous_13)","decl":{"start":{"line":70,"column":47},"end":{"line":70,"column":48}},"loc":{"start":{"line":70,"column":60},"end":{"line":81,"column":9}},"line":70},"14":{"name":"(anonymous_14)","decl":{"start":{"line":87,"column":4},"end":{"line":87,"column":5}},"loc":{"start":{"line":87,"column":25},"end":{"line":105,"column":5}},"line":87},"15":{"name":"(anonymous_15)","decl":{"start":{"line":104,"column":19},"end":{"line":104,"column":20}},"loc":{"start":{"line":104,"column":29},"end":{"line":104,"column":58}},"line":104},"16":{"name":"(anonymous_16)","decl":{"start":{"line":106,"column":4},"end":{"line":106,"column":5}},"loc":{"start":{"line":106,"column":27},"end":{"line":123,"column":5}},"line":106},"17":{"name":"(anonymous_17)","decl":{"start":{"line":128,"column":4},"end":{"line":128,"column":5}},"loc":{"start":{"line":128,"column":31},"end":{"line":155,"column":5}},"line":128},"18":{"name":"(anonymous_18)","decl":{"start":{"line":129,"column":47},"end":{"line":129,"column":48}},"loc":{"start":{"line":129,"column":60},"end":{"line":154,"column":9}},"line":129},"19":{"name":"(anonymous_19)","decl":{"start":{"line":131,"column":38},"end":{"line":131,"column":39}},"loc":{"start":{"line":131,"column":50},"end":{"line":151,"column":14}},"line":131},"20":{"name":"(anonymous_20)","decl":{"start":{"line":131,"column":82},"end":{"line":131,"column":83}},"loc":{"start":{"line":131,"column":95},"end":{"line":151,"column":13}},"line":131},"21":{"name":"(anonymous_21)","decl":{"start":{"line":136,"column":89},"end":{"line":136,"column":90}},"loc":{"start":{"line":136,"column":95},"end":{"line":136,"column":99}},"line":136},"22":{"name":"(anonymous_22)","decl":{"start":{"line":137,"column":87},"end":{"line":137,"column":88}},"loc":{"start":{"line":137,"column":93},"end":{"line":137,"column":97}},"line":137},"23":{"name":"(anonymous_23)","decl":{"start":{"line":153,"column":35},"end":{"line":153,"column":36}},"loc":{"start":{"line":153,"column":43},"end":{"line":153,"column":84}},"line":153}},"branchMap":{"0":{"loc":{"start":{"line":2,"column":16},"end":{"line":10,"column":1}},"type":"binary-expr","locations":[{"start":{"line":2,"column":17},"end":{"line":2,"column":21}},{"start":{"line":2,"column":25},"end":{"line":2,"column":39}},{"start":{"line":2,"column":44},"end":{"line":10,"column":1}}],"line":2},"1":{"loc":{"start":{"line":3,"column":35},"end":{"line":3,"column":109}},"type":"cond-expr","locations":[{"start":{"line":3,"column":56},"end":{"line":3,"column":61}},{"start":{"line":3,"column":64},"end":{"line":3,"column":109}}],"line":3},"2":{"loc":{"start":{"line":4,"column":16},"end":{"line":4,"column":34}},"type":"binary-expr","locations":[{"start":{"line":4,"column":16},"end":{"line":4,"column":17}},{"start":{"line":4,"column":22},"end":{"line":4,"column":33}}],"line":4},"3":{"loc":{"start":{"line":7,"column":32},"end":{"line":7,"column":115}},"type":"cond-expr","locations":[{"start":{"line":7,"column":46},"end":{"line":7,"column":67}},{"start":{"line":7,"column":70},"end":{"line":7,"column":115}}],"line":7},"4":{"loc":{"start":{"line":8,"column":51},"end":{"line":8,"column":67}},"type":"binary-expr","locations":[{"start":{"line":8,"column":51},"end":{"line":8,"column":61}},{"start":{"line":8,"column":65},"end":{"line":8,"column":67}}],"line":8},"5":{"loc":{"start":{"line":11,"column":22},"end":{"line":13,"column":1}},"type":"binary-expr","locations":[{"start":{"line":11,"column":23},"end":{"line":11,"column":27}},{"start":{"line":11,"column":31},"end":{"line":11,"column":51}},{"start":{"line":11,"column":56},"end":{"line":13,"column":1}}],"line":11},"6":{"loc":{"start":{"line":12,"column":11},"end":{"line":12,"column":61}},"type":"cond-expr","locations":[{"start":{"line":12,"column":37},"end":{"line":12,"column":40}},{"start":{"line":12,"column":43},"end":{"line":12,"column":61}}],"line":12},"7":{"loc":{"start":{"line":12,"column":12},"end":{"line":12,"column":33}},"type":"binary-expr","locations":[{"start":{"line":12,"column":12},"end":{"line":12,"column":15}},{"start":{"line":12,"column":19},"end":{"line":12,"column":33}}],"line":12},"8":{"loc":{"start":{"line":29,"column":12},"end":{"line":31,"column":13}},"type":"if","locations":[{"start":{"line":29,"column":12},"end":{"line":31,"column":13}},{"start":{},"end":{}}],"line":29},"9":{"loc":{"start":{"line":29,"column":16},"end":{"line":29,"column":80}},"type":"binary-expr","locations":[{"start":{"line":29,"column":16},"end":{"line":29,"column":24}},{"start":{"line":29,"column":28},"end":{"line":29,"column":55}},{"start":{"line":29,"column":59},"end":{"line":29,"column":80}}],"line":29},"10":{"loc":{"start":{"line":33,"column":12},"end":{"line":38,"column":13}},"type":"if","locations":[{"start":{"line":33,"column":12},"end":{"line":38,"column":13}},{"start":{},"end":{}}],"line":33},"11":{"loc":{"start":{"line":39,"column":12},"end":{"line":42,"column":13}},"type":"if","locations":[{"start":{"line":39,"column":12},"end":{"line":42,"column":13}},{"start":{},"end":{}}],"line":39},"12":{"loc":{"start":{"line":39,"column":16},"end":{"line":40,"column":51}},"type":"binary-expr","locations":[{"start":{"line":39,"column":16},"end":{"line":39,"column":28}},{"start":{"line":40,"column":16},"end":{"line":40,"column":51}}],"line":39},"13":{"loc":{"start":{"line":40,"column":35},"end":{"line":40,"column":50}},"type":"binary-expr","locations":[{"start":{"line":40,"column":35},"end":{"line":40,"column":42}},{"start":{"line":40,"column":46},"end":{"line":40,"column":50}}],"line":40},"14":{"loc":{"start":{"line":45,"column":12},"end":{"line":47,"column":13}},"type":"if","locations":[{"start":{"line":45,"column":12},"end":{"line":47,"column":13}},{"start":{},"end":{}}],"line":45},"15":{"loc":{"start":{"line":73,"column":16},"end":{"line":76,"column":17}},"type":"if","locations":[{"start":{"line":73,"column":16},"end":{"line":76,"column":17}},{"start":{},"end":{}}],"line":73},"16":{"loc":{"start":{"line":99,"column":8},"end":{"line":100,"column":25}},"type":"if","locations":[{"start":{"line":99,"column":8},"end":{"line":100,"column":25}},{"start":{},"end":{}}],"line":99},"17":{"loc":{"start":{"line":112,"column":12},"end":{"line":120,"column":13}},"type":"if","locations":[{"start":{"line":112,"column":12},"end":{"line":120,"column":13}},{"start":{"line":115,"column":17},"end":{"line":120,"column":13}}],"line":112},"18":{"loc":{"start":{"line":118,"column":27},"end":{"line":118,"column":165}},"type":"cond-expr","locations":[{"start":{"line":118,"column":134},"end":{"line":118,"column":136}},{"start":{"line":118,"column":139},"end":{"line":118,"column":165}}],"line":118},"19":{"loc":{"start":{"line":118,"column":27},"end":{"line":118,"column":131}},"type":"binary-expr","locations":[{"start":{"line":118,"column":27},"end":{"line":118,"column":114}},{"start":{"line":118,"column":118},"end":{"line":118,"column":131}}],"line":118},"20":{"loc":{"start":{"line":118,"column":33},"end":{"line":118,"column":104}},"type":"cond-expr","locations":[{"start":{"line":118,"column":82},"end":{"line":118,"column":88}},{"start":{"line":118,"column":91},"end":{"line":118,"column":104}}],"line":118},"21":{"loc":{"start":{"line":118,"column":33},"end":{"line":118,"column":79}},"type":"binary-expr","locations":[{"start":{"line":118,"column":33},"end":{"line":118,"column":62}},{"start":{"line":118,"column":66},"end":{"line":118,"column":79}}],"line":118},"22":{"loc":{"start":{"line":141,"column":43},"end":{"line":141,"column":101}},"type":"binary-expr","locations":[{"start":{"line":141,"column":43},"end":{"line":141,"column":74}},{"start":{"line":141,"column":78},"end":{"line":141,"column":101}}],"line":141},"23":{"loc":{"start":{"line":142,"column":41},"end":{"line":142,"column":95}},"type":"binary-expr","locations":[{"start":{"line":142,"column":41},"end":{"line":142,"column":70}},{"start":{"line":142,"column":74},"end":{"line":142,"column":95}}],"line":142},"24":{"loc":{"start":{"line":143,"column":16},"end":{"line":145,"column":17}},"type":"if","locations":[{"start":{"line":143,"column":16},"end":{"line":145,"column":17}},{"start":{},"end":{}}],"line":143},"25":{"loc":{"start":{"line":143,"column":20},"end":{"line":143,"column":60}},"type":"binary-expr","locations":[{"start":{"line":143,"column":20},"end":{"line":143,"column":39}},{"start":{"line":143,"column":43},"end":{"line":143,"column":60}}],"line":143},"26":{"loc":{"start":{"line":144,"column":94},"end":{"line":144,"column":135}},"type":"cond-expr","locations":[{"start":{"line":144,"column":115},"end":{"line":144,"column":124}},{"start":{"line":144,"column":127},"end":{"line":144,"column":135}}],"line":144},"27":{"loc":{"start":{"line":144,"column":148},"end":{"line":144,"column":187}},"type":"cond-expr","locations":[{"start":{"line":144,"column":167},"end":{"line":144,"column":176}},{"start":{"line":144,"column":179},"end":{"line":144,"column":187}}],"line":144},"28":{"loc":{"start":{"line":146,"column":38},"end":{"line":148,"column":26}},"type":"cond-expr","locations":[{"start":{"line":147,"column":22},"end":{"line":147,"column":103}},{"start":{"line":148,"column":22},"end":{"line":148,"column":26}}],"line":146},"29":{"loc":{"start":{"line":146,"column":38},"end":{"line":146,"column":146}},"type":"binary-expr","locations":[{"start":{"line":146,"column":38},"end":{"line":146,"column":56}},{"start":{"line":146,"column":61},"end":{"line":146,"column":145}}],"line":146},"30":{"loc":{"start":{"line":146,"column":61},"end":{"line":146,"column":145}},"type":"cond-expr","locations":[{"start":{"line":146,"column":111},"end":{"line":146,"column":117}},{"start":{"line":146,"column":120},"end":{"line":146,"column":145}}],"line":146},"31":{"loc":{"start":{"line":146,"column":61},"end":{"line":146,"column":108}},"type":"binary-expr","locations":[{"start":{"line":146,"column":61},"end":{"line":146,"column":91}},{"start":{"line":146,"column":95},"end":{"line":146,"column":108}}],"line":146},"32":{"loc":{"start":{"line":149,"column":80},"end":{"line":149,"column":176}},"type":"cond-expr","locations":[{"start":{"line":149,"column":101},"end":{"line":149,"column":171}},{"start":{"line":149,"column":174},"end":{"line":149,"column":176}}],"line":149},"33":{"loc":{"start":{"line":149,"column":101},"end":{"line":149,"column":171}},"type":"cond-expr","locations":[{"start":{"line":149,"column":151},"end":{"line":149,"column":157}},{"start":{"line":149,"column":160},"end":{"line":149,"column":171}}],"line":149},"34":{"loc":{"start":{"line":149,"column":101},"end":{"line":149,"column":148}},"type":"binary-expr","locations":[{"start":{"line":149,"column":101},"end":{"line":149,"column":131}},{"start":{"line":149,"column":135},"end":{"line":149,"column":148}}],"line":149},"35":{"loc":{"start":{"line":149,"column":191},"end":{"line":149,"column":286}},"type":"cond-expr","locations":[{"start":{"line":149,"column":212},"end":{"line":149,"column":281}},{"start":{"line":149,"column":284},"end":{"line":149,"column":286}}],"line":149},"36":{"loc":{"start":{"line":149,"column":212},"end":{"line":149,"column":281}},"type":"cond-expr","locations":[{"start":{"line":149,"column":262},"end":{"line":149,"column":268}},{"start":{"line":149,"column":271},"end":{"line":149,"column":281}}],"line":149},"37":{"loc":{"start":{"line":149,"column":212},"end":{"line":149,"column":259}},"type":"binary-expr","locations":[{"start":{"line":149,"column":212},"end":{"line":149,"column":242}},{"start":{"line":149,"column":246},"end":{"line":149,"column":259}}],"line":149},"38":{"loc":{"start":{"line":149,"column":300},"end":{"line":149,"column":392}},"type":"cond-expr","locations":[{"start":{"line":149,"column":319},"end":{"line":149,"column":387}},{"start":{"line":149,"column":390},"end":{"line":149,"column":392}}],"line":149},"39":{"loc":{"start":{"line":149,"column":319},"end":{"line":149,"column":387}},"type":"cond-expr","locations":[{"start":{"line":149,"column":367},"end":{"line":149,"column":373}},{"start":{"line":149,"column":376},"end":{"line":149,"column":387}}],"line":149},"40":{"loc":{"start":{"line":149,"column":319},"end":{"line":149,"column":364}},"type":"binary-expr","locations":[{"start":{"line":149,"column":319},"end":{"line":149,"column":347}},{"start":{"line":149,"column":351},"end":{"line":149,"column":364}}],"line":149},"41":{"loc":{"start":{"line":149,"column":405},"end":{"line":149,"column":496}},"type":"cond-expr","locations":[{"start":{"line":149,"column":424},"end":{"line":149,"column":491}},{"start":{"line":149,"column":494},"end":{"line":149,"column":496}}],"line":149},"42":{"loc":{"start":{"line":149,"column":424},"end":{"line":149,"column":491}},"type":"cond-expr","locations":[{"start":{"line":149,"column":472},"end":{"line":149,"column":478}},{"start":{"line":149,"column":481},"end":{"line":149,"column":491}}],"line":149},"43":{"loc":{"start":{"line":149,"column":424},"end":{"line":149,"column":469}},"type":"binary-expr","locations":[{"start":{"line":149,"column":424},"end":{"line":149,"column":452}},{"start":{"line":149,"column":456},"end":{"line":149,"column":469}}],"line":149},"44":{"loc":{"start":{"line":153,"column":43},"end":{"line":153,"column":84}},"type":"cond-expr","locations":[{"start":{"line":153,"column":70},"end":{"line":153,"column":79}},{"start":{"line":153,"column":82},"end":{"line":153,"column":84}}],"line":153}},"s":{"0":1,"1":33,"2":0,"3":26,"4":33,"5":33,"6":0,"7":0,"8":0,"9":0,"10":59,"11":26,"12":1,"13":1,"14":1,"15":1,"16":1,"17":1,"18":1,"19":1,"20":5,"21":5,"22":5,"23":0,"24":5,"25":5,"26":1,"27":2,"28":4,"29":0,"30":4,"31":4,"32":0,"33":4,"34":4,"35":4,"36":0,"37":4,"38":4,"39":4,"40":4,"41":4,"42":4,"43":0,"44":4,"45":4,"46":4,"47":0,"48":4,"49":28,"50":4,"51":4,"52":4,"53":13,"54":13,"55":13,"56":0,"57":4,"58":4,"59":4,"60":13,"61":13,"62":13,"63":1,"64":0,"65":13,"66":13,"67":13,"68":13,"69":1,"70":13,"71":13,"72":4,"73":4,"74":13,"75":1},"f":{"0":26,"1":33,"2":0,"3":26,"4":33,"5":0,"6":59,"7":1,"8":5,"9":5,"10":5,"11":2,"12":4,"13":4,"14":4,"15":28,"16":4,"17":4,"18":4,"19":13,"20":13,"21":1,"22":0,"23":13},"b":{"0":[1,1,1],"1":[33,0],"2":[26,26],"3":[26,33],"4":[26,26],"5":[1,1,1],"6":[0,1],"7":[1,1],"8":[0,5],"9":[5,5,5],"10":[1,4],"11":[0,4],"12":[4,4],"13":[4,0],"14":[0,4],"15":[4,0],"16":[0,4],"17":[13,0],"18":[0,0],"19":[0,0],"20":[0,0],"21":[0,0],"22":[13,13],"23":[13,13],"24":[1,12],"25":[13,12],"26":[0,1],"27":[1,0],"28":[12,1],"29":[13,12],"30":[0,12],"31":[12,12],"32":[12,1],"33":[0,12],"34":[12,12],"35":[12,1],"36":[0,12],"37":[12,12],"38":[13,0],"39":[0,13],"40":[13,13],"41":[13,0],"42":[0,13],"43":[13,13],"44":[13,0]},"_coverageSchema":"1a1c01bbd47fc00a2c39e90264f33305004495a9","hash":"d2921f4ea262f6318b1fd7555924de6a5b5c7086"}
,"C:\\Users\\Ruro\\Documents\\backend_projects\\hopper-tech-test\\src\\db\\dbManager.ts": {"path":"C:\\Users\\Ruro\\Documents\\backend_projects\\hopper-tech-test\\src\\db\\dbManager.ts","statementMap":{"0":{"start":{"line":2,"column":16},"end":{"line":10,"column":1}},"1":{"start":{"line":3,"column":28},"end":{"line":3,"column":110}},"2":{"start":{"line":3,"column":91},"end":{"line":3,"column":106}},"3":{"start":{"line":4,"column":4},"end":{"line":9,"column":7}},"4":{"start":{"line":5,"column":36},"end":{"line":5,"column":97}},"5":{"start":{"line":5,"column":42},"end":{"line":5,"column":70}},"6":{"start":{"line":5,"column":85},"end":{"line":5,"column":95}},"7":{"start":{"line":6,"column":35},"end":{"line":6,"column":100}},"8":{"start":{"line":6,"column":41},"end":{"line":6,"column":73}},"9":{"start":{"line":6,"column":88},"end":{"line":6,"column":98}},"10":{"start":{"line":7,"column":32},"end":{"line":7,"column":116}},"11":{"start":{"line":8,"column":8},"end":{"line":8,"column":78}},"12":{"start":{"line":11,"column":22},"end":{"line":13,"column":1}},"13":{"start":{"line":12,"column":4},"end":{"line":12,"column":62}},"14":{"start":{"line":14,"column":0},"end":{"line":14,"column":62}},"15":{"start":{"line":15,"column":0},"end":{"line":15,"column":33}},"16":{"start":{"line":16,"column":13},"end":{"line":16,"column":43}},"17":{"start":{"line":19,"column":8},"end":{"line":19,"column":27}},"18":{"start":{"line":22,"column":8},"end":{"line":29,"column":11}},"19":{"start":{"line":24,"column":12},"end":{"line":27,"column":13}},"20":{"start":{"line":25,"column":16},"end":{"line":25,"column":73}},"21":{"start":{"line":25,"column":47},"end":{"line":25,"column":71}},"22":{"start":{"line":26,"column":16},"end":{"line":26,"column":75}},"23":{"start":{"line":28,"column":12},"end":{"line":28,"column":49}},"24":{"start":{"line":32,"column":8},"end":{"line":42,"column":11}},"25":{"start":{"line":33,"column":12},"end":{"line":35,"column":13}},"26":{"start":{"line":34,"column":16},"end":{"line":34,"column":58}},"27":{"start":{"line":36,"column":12},"end":{"line":38,"column":13}},"28":{"start":{"line":37,"column":16},"end":{"line":37,"column":52}},"29":{"start":{"line":39,"column":12},"end":{"line":39,"column":60}},"30":{"start":{"line":40,"column":12},"end":{"line":40,"column":131}},"31":{"start":{"line":40,"column":93},"end":{"line":40,"column":110}},"32":{"start":{"line":41,"column":12},"end":{"line":41,"column":85}},"33":{"start":{"line":45,"column":8},"end":{"line":51,"column":11}},"34":{"start":{"line":46,"column":12},"end":{"line":50,"column":13}},"35":{"start":{"line":47,"column":16},"end":{"line":47,"column":72}},"36":{"start":{"line":47,"column":47},"end":{"line":47,"column":70}},"37":{"start":{"line":48,"column":16},"end":{"line":48,"column":35}},"38":{"start":{"line":49,"column":16},"end":{"line":49,"column":58}},"39":{"start":{"line":54,"column":0},"end":{"line":54,"column":42}}},"fnMap":{"0":{"name":"(anonymous_0)","decl":{"start":{"line":2,"column":44},"end":{"line":2,"column":45}},"loc":{"start":{"line":2,"column":89},"end":{"line":10,"column":1}},"line":2},"1":{"name":"adopt","decl":{"start":{"line":3,"column":13},"end":{"line":3,"column":18}},"loc":{"start":{"line":3,"column":26},"end":{"line":3,"column":112}},"line":3},"2":{"name":"(anonymous_2)","decl":{"start":{"line":3,"column":70},"end":{"line":3,"column":71}},"loc":{"start":{"line":3,"column":89},"end":{"line":3,"column":108}},"line":3},"3":{"name":"(anonymous_3)","decl":{"start":{"line":4,"column":36},"end":{"line":4,"column":37}},"loc":{"start":{"line":4,"column":63},"end":{"line":9,"column":5}},"line":4},"4":{"name":"fulfilled","decl":{"start":{"line":5,"column":17},"end":{"line":5,"column":26}},"loc":{"start":{"line":5,"column":34},"end":{"line":5,"column":99}},"line":5},"5":{"name":"rejected","decl":{"start":{"line":6,"column":17},"end":{"line":6,"column":25}},"loc":{"start":{"line":6,"column":33},"end":{"line":6,"column":102}},"line":6},"6":{"name":"step","decl":{"start":{"line":7,"column":17},"end":{"line":7,"column":21}},"loc":{"start":{"line":7,"column":30},"end":{"line":7,"column":118}},"line":7},"7":{"name":"(anonymous_7)","decl":{"start":{"line":11,"column":56},"end":{"line":11,"column":57}},"loc":{"start":{"line":11,"column":71},"end":{"line":13,"column":1}},"line":11},"8":{"name":"(anonymous_8)","decl":{"start":{"line":18,"column":4},"end":{"line":18,"column":5}},"loc":{"start":{"line":18,"column":18},"end":{"line":20,"column":5}},"line":18},"9":{"name":"(anonymous_9)","decl":{"start":{"line":21,"column":4},"end":{"line":21,"column":5}},"loc":{"start":{"line":21,"column":14},"end":{"line":30,"column":5}},"line":21},"10":{"name":"(anonymous_10)","decl":{"start":{"line":22,"column":47},"end":{"line":22,"column":48}},"loc":{"start":{"line":22,"column":60},"end":{"line":29,"column":9}},"line":22},"11":{"name":"(anonymous_11)","decl":{"start":{"line":25,"column":34},"end":{"line":25,"column":35}},"loc":{"start":{"line":25,"column":47},"end":{"line":25,"column":71}},"line":25},"12":{"name":"(anonymous_12)","decl":{"start":{"line":31,"column":4},"end":{"line":31,"column":5}},"loc":{"start":{"line":31,"column":50},"end":{"line":43,"column":5}},"line":31},"13":{"name":"(anonymous_13)","decl":{"start":{"line":32,"column":47},"end":{"line":32,"column":48}},"loc":{"start":{"line":32,"column":60},"end":{"line":42,"column":9}},"line":32},"14":{"name":"(anonymous_14)","decl":{"start":{"line":40,"column":86},"end":{"line":40,"column":87}},"loc":{"start":{"line":40,"column":93},"end":{"line":40,"column":110}},"line":40},"15":{"name":"(anonymous_15)","decl":{"start":{"line":44,"column":4},"end":{"line":44,"column":5}},"loc":{"start":{"line":44,"column":12},"end":{"line":52,"column":5}},"line":44},"16":{"name":"(anonymous_16)","decl":{"start":{"line":45,"column":47},"end":{"line":45,"column":48}},"loc":{"start":{"line":45,"column":60},"end":{"line":51,"column":9}},"line":45},"17":{"name":"(anonymous_17)","decl":{"start":{"line":47,"column":34},"end":{"line":47,"column":35}},"loc":{"start":{"line":47,"column":47},"end":{"line":47,"column":70}},"line":47}},"branchMap":{"0":{"loc":{"start":{"line":2,"column":16},"end":{"line":10,"column":1}},"type":"binary-expr","locations":[{"start":{"line":2,"column":17},"end":{"line":2,"column":21}},{"start":{"line":2,"column":25},"end":{"line":2,"column":39}},{"start":{"line":2,"column":44},"end":{"line":10,"column":1}}],"line":2},"1":{"loc":{"start":{"line":3,"column":35},"end":{"line":3,"column":109}},"type":"cond-expr","locations":[{"start":{"line":3,"column":56},"end":{"line":3,"column":61}},{"start":{"line":3,"column":64},"end":{"line":3,"column":109}}],"line":3},"2":{"loc":{"start":{"line":4,"column":16},"end":{"line":4,"column":34}},"type":"binary-expr","locations":[{"start":{"line":4,"column":16},"end":{"line":4,"column":17}},{"start":{"line":4,"column":22},"end":{"line":4,"column":33}}],"line":4},"3":{"loc":{"start":{"line":7,"column":32},"end":{"line":7,"column":115}},"type":"cond-expr","locations":[{"start":{"line":7,"column":46},"end":{"line":7,"column":67}},{"start":{"line":7,"column":70},"end":{"line":7,"column":115}}],"line":7},"4":{"loc":{"start":{"line":8,"column":51},"end":{"line":8,"column":67}},"type":"binary-expr","locations":[{"start":{"line":8,"column":51},"end":{"line":8,"column":61}},{"start":{"line":8,"column":65},"end":{"line":8,"column":67}}],"line":8},"5":{"loc":{"start":{"line":11,"column":22},"end":{"line":13,"column":1}},"type":"binary-expr","locations":[{"start":{"line":11,"column":23},"end":{"line":11,"column":27}},{"start":{"line":11,"column":31},"end":{"line":11,"column":51}},{"start":{"line":11,"column":56},"end":{"line":13,"column":1}}],"line":11},"6":{"loc":{"start":{"line":12,"column":11},"end":{"line":12,"column":61}},"type":"cond-expr","locations":[{"start":{"line":12,"column":37},"end":{"line":12,"column":40}},{"start":{"line":12,"column":43},"end":{"line":12,"column":61}}],"line":12},"7":{"loc":{"start":{"line":12,"column":12},"end":{"line":12,"column":33}},"type":"binary-expr","locations":[{"start":{"line":12,"column":12},"end":{"line":12,"column":15}},{"start":{"line":12,"column":19},"end":{"line":12,"column":33}}],"line":12},"8":{"loc":{"start":{"line":24,"column":12},"end":{"line":27,"column":13}},"type":"if","locations":[{"start":{"line":24,"column":12},"end":{"line":27,"column":13}},{"start":{},"end":{}}],"line":24},"9":{"loc":{"start":{"line":33,"column":12},"end":{"line":35,"column":13}},"type":"if","locations":[{"start":{"line":33,"column":12},"end":{"line":35,"column":13}},{"start":{},"end":{}}],"line":33},"10":{"loc":{"start":{"line":36,"column":12},"end":{"line":38,"column":13}},"type":"if","locations":[{"start":{"line":36,"column":12},"end":{"line":38,"column":13}},{"start":{},"end":{}}],"line":36},"11":{"loc":{"start":{"line":46,"column":12},"end":{"line":50,"column":13}},"type":"if","locations":[{"start":{"line":46,"column":12},"end":{"line":50,"column":13}},{"start":{},"end":{}}],"line":46}},"s":{"0":1,"1":0,"2":0,"3":0,"4":0,"5":0,"6":0,"7":0,"8":0,"9":0,"10":0,"11":0,"12":1,"13":1,"14":1,"15":1,"16":1,"17":5,"18":0,"19":0,"20":0,"21":0,"22":0,"23":0,"24":0,"25":0,"26":0,"27":0,"28":0,"29":0,"30":0,"31":0,"32":0,"33":0,"34":0,"35":0,"36":0,"37":0,"38":0,"39":1},"f":{"0":0,"1":0,"2":0,"3":0,"4":0,"5":0,"6":0,"7":1,"8":5,"9":0,"10":0,"11":0,"12":0,"13":0,"14":0,"15":0,"16":0,"17":0},"b":{"0":[1,1,1],"1":[0,0],"2":[0,0],"3":[0,0],"4":[0,0],"5":[1,1,1],"6":[0,1],"7":[1,1],"8":[0,0],"9":[0,0],"10":[0,0],"11":[0,0]},"_coverageSchema":"1a1c01bbd47fc00a2c39e90264f33305004495a9","hash":"02e3ff6591e07de0f1270251538d513e7b064718"}
,"C:\\Users\\Ruro\\Documents\\backend_projects\\hopper-tech-test\\src\\utils\\validation.ts": {"path":"C:\\Users\\Ruro\\Documents\\backend_projects\\hopper-tech-test\\src\\utils\\validation.ts","statementMap":{"0":{"start":{"line":2,"column":0},"end":{"line":2,"column":62}},"1":{"start":{"line":3,"column":0},"end":{"line":3,"column":48}},"2":{"start":{"line":4,"column":14},"end":{"line":4,"column":28}},"3":{"start":{"line":5,"column":19},"end":{"line":5,"column":34}},"4":{"start":{"line":6,"column":25},"end":{"line":18,"column":2}},"5":{"start":{"line":20,"column":4},"end":{"line":30,"column":5}},"6":{"start":{"line":21,"column":8},"end":{"line":21,"column":39}},"7":{"start":{"line":22,"column":8},"end":{"line":22,"column":33}},"8":{"start":{"line":25,"column":8},"end":{"line":28,"column":9}},"9":{"start":{"line":26,"column":27},"end":{"line":26,"column":93}},"10":{"start":{"line":26,"column":53},"end":{"line":26,"column":92}},"11":{"start":{"line":27,"column":12},"end":{"line":27,"column":54}},"12":{"start":{"line":29,"column":8},"end":{"line":29,"column":72}}},"fnMap":{"0":{"name":"validateCallRecord","decl":{"start":{"line":19,"column":9},"end":{"line":19,"column":27}},"loc":{"start":{"line":19,"column":36},"end":{"line":31,"column":1}},"line":19},"1":{"name":"(anonymous_1)","decl":{"start":{"line":26,"column":44},"end":{"line":26,"column":45}},"loc":{"start":{"line":26,"column":53},"end":{"line":26,"column":92}},"line":26}},"branchMap":{"0":{"loc":{"start":{"line":25,"column":8},"end":{"line":28,"column":9}},"type":"if","locations":[{"start":{"line":25,"column":8},"end":{"line":28,"column":9}},{"start":{},"end":{}}],"line":25}},"s":{"0":1,"1":1,"2":1,"3":1,"4":1,"5":15,"6":15,"7":14,"8":1,"9":1,"10":6,"11":1,"12":0},"f":{"0":15,"1":6},"b":{"0":[1,0]},"_coverageSchema":"1a1c01bbd47fc00a2c39e90264f33305004495a9","hash":"0f039220f74d75dd67f727ead3a73dc9be306401"}
}
