TN:
SF:src\call-handler.ts
FN:2,(anonymous_0)
FN:3,adopt
FN:3,(anonymous_2)
FN:4,(anonymous_3)
FN:5,fulfilled
FN:6,rejected
FN:7,step
FN:11,(anonymous_7)
FN:21,(anonymous_8)
FN:27,(anonymous_9)
FN:28,(anonymous_10)
FN:36,(anonymous_11)
FN:69,(anonymous_12)
FN:70,(anonymous_13)
FN:87,(anonymous_14)
FN:104,(anonymous_15)
FN:106,(anonymous_16)
FN:128,(anonymous_17)
FN:129,(anonymous_18)
FN:131,(anonymous_19)
FN:131,(anonymous_20)
FN:136,(anonymous_21)
FN:137,(anonymous_22)
FN:153,(anonymous_23)
FNF:24
FNH:21
FNDA:26,(anonymous_0)
FNDA:33,adopt
FNDA:0,(anonymous_2)
FNDA:26,(anonymous_3)
FNDA:33,fulfilled
FNDA:0,rejected
FNDA:59,step
FNDA:1,(anonymous_7)
FNDA:5,(anonymous_8)
FNDA:5,(anonymous_9)
FNDA:5,(anonymous_10)
FNDA:2,(anonymous_11)
FNDA:4,(anonymous_12)
FNDA:4,(anonymous_13)
FNDA:4,(anonymous_14)
FNDA:28,(anonymous_15)
FNDA:4,(anonymous_16)
FNDA:4,(anonymous_17)
FNDA:4,(anonymous_18)
FNDA:13,(anonymous_19)
FNDA:13,(anonymous_20)
FNDA:1,(anonymous_21)
FNDA:0,(anonymous_22)
FNDA:13,(anonymous_23)
DA:2,1
DA:3,33
DA:4,26
DA:5,33
DA:6,0
DA:7,59
DA:8,26
DA:11,1
DA:12,1
DA:14,1
DA:15,1
DA:16,1
DA:17,1
DA:18,1
DA:19,1
DA:22,5
DA:28,5
DA:29,5
DA:30,0
DA:32,5
DA:33,5
DA:34,1
DA:36,2
DA:39,4
DA:41,0
DA:44,4
DA:45,4
DA:46,0
DA:49,4
DA:50,4
DA:51,4
DA:57,0
DA:70,4
DA:71,4
DA:72,4
DA:73,4
DA:74,4
DA:75,4
DA:79,0
DA:89,4
DA:98,4
DA:99,4
DA:100,0
DA:101,4
DA:104,28
DA:108,4
DA:109,4
DA:110,4
DA:111,13
DA:112,13
DA:113,13
DA:116,0
DA:122,4
DA:129,4
DA:131,13
DA:133,13
DA:135,13
DA:136,1
DA:137,0
DA:139,13
DA:141,13
DA:142,13
DA:143,13
DA:144,1
DA:146,13
DA:149,13
DA:152,4
DA:153,13
DA:157,1
LF:69
LH:60
BRDA:2,0,0,1
BRDA:2,0,1,1
BRDA:2,0,2,1
BRDA:3,1,0,33
BRDA:3,1,1,0
BRDA:4,2,0,26
BRDA:4,2,1,26
BRDA:7,3,0,26
BRDA:7,3,1,33
BRDA:8,4,0,26
BRDA:8,4,1,26
BRDA:11,5,0,1
BRDA:11,5,1,1
BRDA:11,5,2,1
BRDA:12,6,0,0
BRDA:12,6,1,1
BRDA:12,7,0,1
BRDA:12,7,1,1
BRDA:29,8,0,0
BRDA:29,8,1,5
BRDA:29,9,0,5
BRDA:29,9,1,5
BRDA:29,9,2,5
BRDA:33,10,0,1
BRDA:33,10,1,4
BRDA:39,11,0,0
BRDA:39,11,1,4
BRDA:39,12,0,4
BRDA:39,12,1,4
BRDA:40,13,0,4
BRDA:40,13,1,0
BRDA:45,14,0,0
BRDA:45,14,1,4
BRDA:73,15,0,4
BRDA:73,15,1,0
BRDA:99,16,0,0
BRDA:99,16,1,4
BRDA:112,17,0,13
BRDA:112,17,1,0
BRDA:118,18,0,0
BRDA:118,18,1,0
BRDA:118,19,0,0
BRDA:118,19,1,0
BRDA:118,20,0,0
BRDA:118,20,1,0
BRDA:118,21,0,0
BRDA:118,21,1,0
BRDA:141,22,0,13
BRDA:141,22,1,13
BRDA:142,23,0,13
BRDA:142,23,1,13
BRDA:143,24,0,1
BRDA:143,24,1,12
BRDA:143,25,0,13
BRDA:143,25,1,12
BRDA:144,26,0,0
BRDA:144,26,1,1
BRDA:144,27,0,1
BRDA:144,27,1,0
BRDA:146,28,0,12
BRDA:146,28,1,1
BRDA:146,29,0,13
BRDA:146,29,1,12
BRDA:146,30,0,0
BRDA:146,30,1,12
BRDA:146,31,0,12
BRDA:146,31,1,12
BRDA:149,32,0,12
BRDA:149,32,1,1
BRDA:149,33,0,0
BRDA:149,33,1,12
BRDA:149,34,0,12
BRDA:149,34,1,12
BRDA:149,35,0,12
BRDA:149,35,1,1
BRDA:149,36,0,0
BRDA:149,36,1,12
BRDA:149,37,0,12
BRDA:149,37,1,12
BRDA:149,38,0,13
BRDA:149,38,1,0
BRDA:149,39,0,0
BRDA:149,39,1,13
BRDA:149,40,0,13
BRDA:149,40,1,13
BRDA:149,41,0,13
BRDA:149,41,1,0
BRDA:149,42,0,0
BRDA:149,42,1,13
BRDA:149,43,0,13
BRDA:149,43,1,13
BRDA:153,44,0,13
BRDA:153,44,1,0
BRF:93
BRH:66
end_of_record
TN:
SF:src\db\dbManager.ts
FN:2,(anonymous_0)
FN:3,adopt
FN:3,(anonymous_2)
FN:4,(anonymous_3)
FN:5,fulfilled
FN:6,rejected
FN:7,step
FN:11,(anonymous_7)
FN:18,(anonymous_8)
FN:21,(anonymous_9)
FN:22,(anonymous_10)
FN:25,(anonymous_11)
FN:31,(anonymous_12)
FN:32,(anonymous_13)
FN:40,(anonymous_14)
FN:44,(anonymous_15)
FN:45,(anonymous_16)
FN:47,(anonymous_17)
FNF:18
FNH:2
FNDA:0,(anonymous_0)
FNDA:0,adopt
FNDA:0,(anonymous_2)
FNDA:0,(anonymous_3)
FNDA:0,fulfilled
FNDA:0,rejected
FNDA:0,step
FNDA:1,(anonymous_7)
FNDA:5,(anonymous_8)
FNDA:0,(anonymous_9)
FNDA:0,(anonymous_10)
FNDA:0,(anonymous_11)
FNDA:0,(anonymous_12)
FNDA:0,(anonymous_13)
FNDA:0,(anonymous_14)
FNDA:0,(anonymous_15)
FNDA:0,(anonymous_16)
FNDA:0,(anonymous_17)
DA:2,1
DA:3,0
DA:4,0
DA:5,0
DA:6,0
DA:7,0
DA:8,0
DA:11,1
DA:12,1
DA:14,1
DA:15,1
DA:16,1
DA:19,5
DA:22,0
DA:24,0
DA:25,0
DA:26,0
DA:28,0
DA:32,0
DA:33,0
DA:34,0
DA:36,0
DA:37,0
DA:39,0
DA:40,0
DA:41,0
DA:45,0
DA:46,0
DA:47,0
DA:48,0
DA:49,0
DA:54,1
LF:32
LH:8
BRDA:2,0,0,1
BRDA:2,0,1,1
BRDA:2,0,2,1
BRDA:3,1,0,0
BRDA:3,1,1,0
BRDA:4,2,0,0
BRDA:4,2,1,0
BRDA:7,3,0,0
BRDA:7,3,1,0
BRDA:8,4,0,0
BRDA:8,4,1,0
BRDA:11,5,0,1
BRDA:11,5,1,1
BRDA:11,5,2,1
BRDA:12,6,0,0
BRDA:12,6,1,1
BRDA:12,7,0,1
BRDA:12,7,1,1
BRDA:24,8,0,0
BRDA:24,8,1,0
BRDA:33,9,0,0
BRDA:33,9,1,0
BRDA:36,10,0,0
BRDA:36,10,1,0
BRDA:46,11,0,0
BRDA:46,11,1,0
BRF:26
BRH:9
end_of_record
TN:
SF:src\utils\validation.ts
FN:19,validateCallRecord
FN:26,(anonymous_1)
FNF:2
FNH:2
FNDA:15,validateCallRecord
FNDA:6,(anonymous_1)
DA:2,1
DA:3,1
DA:4,1
DA:5,1
DA:6,1
DA:20,15
DA:21,15
DA:22,14
DA:25,1
DA:26,6
DA:27,1
DA:29,0
LF:12
LH:11
BRDA:25,0,0,1
BRDA:25,0,1,0
BRF:2
BRH:1
end_of_record
